Engine-Match 03 January 2021 10:17:03
 Tournament Game in 5 Minutes 

Pairing 1/1 :    Teri  -  orseti {Human}

PGN-File: /home/orseti/Tournaments/Arena.pgn

No:  B/W 1/2     W:B       1:2           Time        Value Moves Dep 1:2       1-2-Draws

--------------------------------------------------------------

Engine-Match 03 January 2021 10:17:04
 Tournament Game in 5 Minutes 

Pairing 1/1 :    Teri  -  orseti {Human}

PGN-File: /home/orseti/Tournaments/Arena.pgn

No:  B/W 1/2     W:B       1:2           Time        Value Moves Dep 1:2       1-2-Draws

--------------------------------------------------------------

Engine-Match 03 January 2021 10:17:05
 Tournament Game in 5 Minutes 

Pairing 1/1 :    Teri  -  orseti {Human}

PGN-File: /home/orseti/Tournaments/Arena.pgn

No:  B/W 1/2     W:B       1:2           Time        Value Moves Dep 1:2       1-2-Draws

--------------------------------------------------------------

Engine-Match 03 January 2021 10:17:05
 Tournament Game in 5 Minutes 

Pairing 1/1 :    Teri  -  orseti {Human}

PGN-File: /home/orseti/Tournaments/Arena.pgn

No:  B/W 1/2     W:B       1:2           Time        Value Moves Dep 1:2       1-2-Draws

--------------------------------------------------------------

Engine-Match 03 January 2021 10:17:06
 Tournament Game in 5 Minutes 

Pairing 1/1 :    Teri  -  orseti {Human}

PGN-File: /home/orseti/Tournaments/Arena.pgn

No:  B/W 1/2     W:B       1:2           Time        Value Moves Dep 1:2       1-2-Draws

--------------------------------------------------------------

Engine-Match 03 January 2021 10:17:06
 Tournament Game in 5 Minutes 

Pairing 1/1 :    Teri  -  orseti {Human}

PGN-File: /home/orseti/Tournaments/Arena.pgn

No:  B/W 1/2     W:B       1:2           Time        Value Moves Dep 1:2       1-2-Draws

--------------------------------------------------------------

Engine-Match 03 January 2021 10:17:07
 Tournament Game in 5 Minutes 

Pairing 1/1 :    Teri  -  orseti {Human}

PGN-File: /home/orseti/Tournaments/Arena.pgn

No:  B/W 1/2     W:B       1:2           Time        Value Moves Dep 1:2       1-2-Draws

--------------------------------------------------------------

Engine-Match 03 January 2021 10:17:08
 Tournament Game in 5 Minutes 

Pairing 1/1 :    Teri  -  orseti {Human}

PGN-File: /home/orseti/Tournaments/Arena.pgn

No:  B/W 1/2     W:B       1:2           Time        Value Moves Dep 1:2       1-2-Draws

--------------------------------------------------------------

Engine-Match 03 January 2021 10:17:08
 Tournament Game in 5 Minutes 

Pairing 1/1 :    Teri  -  orseti {Human}

PGN-File: /home/orseti/Tournaments/Arena.pgn

No:  B/W 1/2     W:B       1:2           Time        Value Moves Dep 1:2       1-2-Draws

--------------------------------------------------------------

Engine-Match 03 January 2021 10:17:09
 Tournament Game in 5 Minutes 

Pairing 1/1 :    Teri  -  orseti {Human}

PGN-File: /home/orseti/Tournaments/Arena.pgn

No:  B/W 1/2     W:B       1:2           Time        Value Moves Dep 1:2       1-2-Draws

--------------------------------------------------------------

Engine-Match 03 January 2021 10:17:18
 Tournament Game in 5 Minutes 

Pairing 1/1 :    Teri  -  orseti {Human}

PGN-File: /home/orseti/Tournaments/Arena.pgn

No:  B/W 1/2     W:B       1:2           Time        Value Moves Dep 1:2       1-2-Draws

--------------------------------------------------------------

Engine-Match 03 January 2021 10:17:19
 Tournament Game in 5 Minutes 

Pairing 1/1 :    Teri  -  orseti {Human}

PGN-File: /home/orseti/Tournaments/Arena.pgn

No:  B/W 1/2     W:B       1:2           Time        Value Moves Dep 1:2       1-2-Draws

--------------------------------------------------------------

Engine-Match 03 January 2021 10:17:51
 Tournament Game in 5 Minutes 

Pairing 1/1 :    Teri  -  orseti {Human}

PGN-File: /home/orseti/Tournaments/Arena.pgn

No:  B/W 1/2     W:B       1:2           Time        Value Moves Dep 1:2       1-2-Draws

--------------------------------------------------------------

Engine-Match 03 January 2021 10:17:53
 Tournament Game in 5 Minutes 

Pairing 1/1 :    Teri  -  orseti {Human}

PGN-File: /home/orseti/Tournaments/Arena.pgn

No:  B/W 1/2     W:B       1:2           Time        Value Moves Dep 1:2       1-2-Draws

--------------------------------------------------------------

Engine-Match 03 January 2021 10:17:54
 Tournament Game in 5 Minutes 

Pairing 1/1 :    Teri  -  orseti {Human}

PGN-File: /home/orseti/Tournaments/Arena.pgn

No:  B/W 1/2     W:B       1:2           Time        Value Moves Dep 1:2       1-2-Draws

--------------------------------------------------------------

Engine-Match 03 January 2021 10:17:55
 Tournament Game in 5 Minutes 

Pairing 1/1 :    Teri  -  orseti {Human}

PGN-File: /home/orseti/Tournaments/Arena.pgn

No:  B/W 1/2     W:B       1:2           Time        Value Moves Dep 1:2       1-2-Draws

--------------------------------------------------------------

Engine-Match 03 January 2021 10:19:26
 Tournament Game in 5 Minutes 

Pairing 1/1 :    orseti {Human}  -  Teri

PGN-File: /home/orseti/Tournaments/Arena.pgn

No:  B/W 1/2     W:B       1:2           Time        Value Moves Dep 1:2       1-2-Draws

--------------------------------------------------------------

Engine-Match 03 January 2021 10:19:30
 Tournament Game in 5 Minutes 

Pairing 1/1 :    orseti {Human}  -  Teri

PGN-File: /home/orseti/Tournaments/Arena.pgn

No:  B/W 1/2     W:B       1:2           Time        Value Moves Dep 1:2       1-2-Draws

--------------------------------------------------------------

Engine-Match 03 January 2021 10:19:37
 Tournament Game in 5 Minutes 

Pairing 1/1 :    orseti {Human}  -  Teri

PGN-File: /home/orseti/Tournaments/Arena.pgn

No:  B/W 1/2     W:B       1:2           Time        Value Moves Dep 1:2       1-2-Draws

--------------------------------------------------------------

Engine-Match 03 January 2021 10:19:41
 Tournament Game in 5 Minutes 

Pairing 1/1 :    orseti {Human}  -  Teri

PGN-File: /home/orseti/Tournaments/Arena.pgn

No:  B/W 1/2     W:B       1:2           Time        Value Moves Dep 1:2       1-2-Draws
